[ 2021-12-02 13:52:20,127][cascade_classifier.fit_transform] X_groups_train.shape=[(8559, 62)],y_train.shape=(8559,),X_groups_test.shape=no_test,y_test.shape=no_test
[ 2021-12-02 13:52:20,128][cascade_classifier.fit_transform] group_dims=[62]
[ 2021-12-02 13:52:20,129][cascade_classifier.fit_transform] group_starts=[0]
[ 2021-12-02 13:52:20,129][cascade_classifier.fit_transform] group_ends=[62]
[ 2021-12-02 13:52:20,129][cascade_classifier.fit_transform] X_train.shape=(8559, 62),X_test.shape=(0, 62)
[ 2021-12-02 13:52:20,130][cascade_classifier.fit_transform] [layer=0] look_indexs=[0], X_cur_train.shape=(8559, 62), X_cur_test.shape=(0, 62)
[ 2021-12-02 13:52:20,501][kfold_wrapper.log_eval_metrics] Accuracy(layer_0 - estimator_0 - 5_folds.train_0.predict)=97.31%
[ 2021-12-02 13:52:20,868][kfold_wrapper.log_eval_metrics] Accuracy(layer_0 - estimator_0 - 5_folds.train_1.predict)=96.79%
[ 2021-12-02 13:52:21,363][kfold_wrapper.log_eval_metrics] Accuracy(layer_0 - estimator_0 - 5_folds.train_2.predict)=97.37%
[ 2021-12-02 13:52:21,729][kfold_wrapper.log_eval_metrics] Accuracy(layer_0 - estimator_0 - 5_folds.train_3.predict)=97.20%
[ 2021-12-02 13:52:22,378][kfold_wrapper.log_eval_metrics] Accuracy(layer_0 - estimator_0 - 5_folds.train_4.predict)=97.08%
[ 2021-12-02 13:52:22,379][kfold_wrapper.log_eval_metrics] Accuracy(layer_0 - estimator_0 - 5_folds.train_cv.predict)=97.15%
[ 2021-12-02 13:52:22,789][kfold_wrapper.log_eval_metrics] Accuracy(layer_0 - estimator_1 - 5_folds.train_0.predict)=95.44%
[ 2021-12-02 13:52:23,170][kfold_wrapper.log_eval_metrics] Accuracy(layer_0 - estimator_1 - 5_folds.train_1.predict)=95.21%
[ 2021-12-02 13:52:23,569][kfold_wrapper.log_eval_metrics] Accuracy(layer_0 - estimator_1 - 5_folds.train_2.predict)=96.32%
[ 2021-12-02 13:52:23,948][kfold_wrapper.log_eval_metrics] Accuracy(layer_0 - estimator_1 - 5_folds.train_3.predict)=96.67%
[ 2021-12-02 13:52:24,330][kfold_wrapper.log_eval_metrics] Accuracy(layer_0 - estimator_1 - 5_folds.train_4.predict)=95.91%
[ 2021-12-02 13:52:24,331][kfold_wrapper.log_eval_metrics] Accuracy(layer_0 - estimator_1 - 5_folds.train_cv.predict)=95.91%
[ 2021-12-02 13:52:24,463][kfold_wrapper.log_eval_metrics] Accuracy(layer_0 - estimator_2 - 5_folds.train_0.predict)=90.30%
[ 2021-12-02 13:52:24,548][kfold_wrapper.log_eval_metrics] Accuracy(layer_0 - estimator_2 - 5_folds.train_1.predict)=89.14%
[ 2021-12-02 13:52:24,664][kfold_wrapper.log_eval_metrics] Accuracy(layer_0 - estimator_2 - 5_folds.train_2.predict)=90.95%
[ 2021-12-02 13:52:24,742][kfold_wrapper.log_eval_metrics] Accuracy(layer_0 - estimator_2 - 5_folds.train_3.predict)=89.66%
[ 2021-12-02 13:52:24,820][kfold_wrapper.log_eval_metrics] Accuracy(layer_0 - estimator_2 - 5_folds.train_4.predict)=90.71%
[ 2021-12-02 13:52:24,821][kfold_wrapper.log_eval_metrics] Accuracy(layer_0 - estimator_2 - 5_folds.train_cv.predict)=90.15%
[ 2021-12-02 13:52:24,822][cascade_classifier.calc_accuracy] Accuracy(layer_0 - train.classifier_average)=95.61%
[ 2021-12-02 13:52:24,825][cascade_classifier.fit_transform] [layer=1] look_indexs=[0], X_cur_train.shape=(8559, 68), X_cur_test.shape=(0, 68)
[ 2021-12-02 13:52:25,317][kfold_wrapper.log_eval_metrics] Accuracy(layer_1 - estimator_0 - 5_folds.train_0.predict)=98.01%
[ 2021-12-02 13:52:25,795][kfold_wrapper.log_eval_metrics] Accuracy(layer_1 - estimator_0 - 5_folds.train_1.predict)=97.49%
[ 2021-12-02 13:52:26,281][kfold_wrapper.log_eval_metrics] Accuracy(layer_1 - estimator_0 - 5_folds.train_2.predict)=97.66%
[ 2021-12-02 13:52:26,662][kfold_wrapper.log_eval_metrics] Accuracy(layer_1 - estimator_0 - 5_folds.train_3.predict)=97.66%
[ 2021-12-02 13:52:27,043][kfold_wrapper.log_eval_metrics] Accuracy(layer_1 - estimator_0 - 5_folds.train_4.predict)=97.55%
[ 2021-12-02 13:52:27,044][kfold_wrapper.log_eval_metrics] Accuracy(layer_1 - estimator_0 - 5_folds.train_cv.predict)=97.67%
[ 2021-12-02 13:52:27,455][kfold_wrapper.log_eval_metrics] Accuracy(layer_1 - estimator_1 - 5_folds.train_0.predict)=96.61%
[ 2021-12-02 13:52:27,819][kfold_wrapper.log_eval_metrics] Accuracy(layer_1 - estimator_1 - 5_folds.train_1.predict)=97.37%
[ 2021-12-02 13:52:28,200][kfold_wrapper.log_eval_metrics] Accuracy(layer_1 - estimator_1 - 5_folds.train_2.predict)=97.20%
[ 2021-12-02 13:52:28,597][kfold_wrapper.log_eval_metrics] Accuracy(layer_1 - estimator_1 - 5_folds.train_3.predict)=97.14%
[ 2021-12-02 13:52:28,996][kfold_wrapper.log_eval_metrics] Accuracy(layer_1 - estimator_1 - 5_folds.train_4.predict)=96.55%
[ 2021-12-02 13:52:28,997][kfold_wrapper.log_eval_metrics] Accuracy(layer_1 - estimator_1 - 5_folds.train_cv.predict)=96.97%
[ 2021-12-02 13:52:29,124][kfold_wrapper.log_eval_metrics] Accuracy(layer_1 - estimator_2 - 5_folds.train_0.predict)=96.79%
[ 2021-12-02 13:52:29,247][kfold_wrapper.log_eval_metrics] Accuracy(layer_1 - estimator_2 - 5_folds.train_1.predict)=96.55%
[ 2021-12-02 13:52:29,366][kfold_wrapper.log_eval_metrics] Accuracy(layer_1 - estimator_2 - 5_folds.train_2.predict)=96.50%
[ 2021-12-02 13:52:29,436][kfold_wrapper.log_eval_metrics] Accuracy(layer_1 - estimator_2 - 5_folds.train_3.predict)=96.38%
[ 2021-12-02 13:52:29,524][kfold_wrapper.log_eval_metrics] Accuracy(layer_1 - estimator_2 - 5_folds.train_4.predict)=96.79%
[ 2021-12-02 13:52:29,525][kfold_wrapper.log_eval_metrics] Accuracy(layer_1 - estimator_2 - 5_folds.train_cv.predict)=96.60%
[ 2021-12-02 13:52:29,526][cascade_classifier.calc_accuracy] Accuracy(layer_1 - train.classifier_average)=97.17%
[ 2021-12-02 13:52:29,528][cascade_classifier.fit_transform] [layer=2] look_indexs=[0], X_cur_train.shape=(8559, 68), X_cur_test.shape=(0, 68)
[ 2021-12-02 13:52:30,045][kfold_wrapper.log_eval_metrics] Accuracy(layer_2 - estimator_0 - 5_folds.train_0.predict)=97.55%
[ 2021-12-02 13:52:30,553][kfold_wrapper.log_eval_metrics] Accuracy(layer_2 - estimator_0 - 5_folds.train_1.predict)=98.07%
[ 2021-12-02 13:52:31,040][kfold_wrapper.log_eval_metrics] Accuracy(layer_2 - estimator_0 - 5_folds.train_2.predict)=98.19%
[ 2021-12-02 13:52:31,563][kfold_wrapper.log_eval_metrics] Accuracy(layer_2 - estimator_0 - 5_folds.train_3.predict)=97.84%
[ 2021-12-02 13:52:31,942][kfold_wrapper.log_eval_metrics] Accuracy(layer_2 - estimator_0 - 5_folds.train_4.predict)=98.31%
[ 2021-12-02 13:52:31,943][kfold_wrapper.log_eval_metrics] Accuracy(layer_2 - estimator_0 - 5_folds.train_cv.predict)=97.99%
[ 2021-12-02 13:52:32,325][kfold_wrapper.log_eval_metrics] Accuracy(layer_2 - estimator_1 - 5_folds.train_0.predict)=97.49%
[ 2021-12-02 13:52:32,721][kfold_wrapper.log_eval_metrics] Accuracy(layer_2 - estimator_1 - 5_folds.train_1.predict)=96.96%
[ 2021-12-02 13:52:33,103][kfold_wrapper.log_eval_metrics] Accuracy(layer_2 - estimator_1 - 5_folds.train_2.predict)=97.31%
[ 2021-12-02 13:52:33,502][kfold_wrapper.log_eval_metrics] Accuracy(layer_2 - estimator_1 - 5_folds.train_3.predict)=97.55%
[ 2021-12-02 13:52:33,869][kfold_wrapper.log_eval_metrics] Accuracy(layer_2 - estimator_1 - 5_folds.train_4.predict)=97.55%
[ 2021-12-02 13:52:33,870][kfold_wrapper.log_eval_metrics] Accuracy(layer_2 - estimator_1 - 5_folds.train_cv.predict)=97.37%
[ 2021-12-02 13:52:33,973][kfold_wrapper.log_eval_metrics] Accuracy(layer_2 - estimator_2 - 5_folds.train_0.predict)=96.55%
[ 2021-12-02 13:52:34,045][kfold_wrapper.log_eval_metrics] Accuracy(layer_2 - estimator_2 - 5_folds.train_1.predict)=96.79%
[ 2021-12-02 13:52:34,151][kfold_wrapper.log_eval_metrics] Accuracy(layer_2 - estimator_2 - 5_folds.train_2.predict)=97.25%
[ 2021-12-02 13:52:34,563][kfold_wrapper.log_eval_metrics] Accuracy(layer_2 - estimator_2 - 5_folds.train_3.predict)=96.90%
[ 2021-12-02 13:52:34,658][kfold_wrapper.log_eval_metrics] Accuracy(layer_2 - estimator_2 - 5_folds.train_4.predict)=96.67%
[ 2021-12-02 13:52:34,659][kfold_wrapper.log_eval_metrics] Accuracy(layer_2 - estimator_2 - 5_folds.train_cv.predict)=96.83%
[ 2021-12-02 13:52:34,660][cascade_classifier.calc_accuracy] Accuracy(layer_2 - train.classifier_average)=97.51%
[ 2021-12-02 13:52:34,663][cascade_classifier.fit_transform] [layer=3] look_indexs=[0], X_cur_train.shape=(8559, 68), X_cur_test.shape=(0, 68)
[ 2021-12-02 13:52:35,156][kfold_wrapper.log_eval_metrics] Accuracy(layer_3 - estimator_0 - 5_folds.train_0.predict)=98.25%
[ 2021-12-02 13:52:35,534][kfold_wrapper.log_eval_metrics] Accuracy(layer_3 - estimator_0 - 5_folds.train_1.predict)=97.43%
[ 2021-12-02 13:52:36,010][kfold_wrapper.log_eval_metrics] Accuracy(layer_3 - estimator_0 - 5_folds.train_2.predict)=98.48%
[ 2021-12-02 13:52:36,487][kfold_wrapper.log_eval_metrics] Accuracy(layer_3 - estimator_0 - 5_folds.train_3.predict)=98.07%
[ 2021-12-02 13:52:36,870][kfold_wrapper.log_eval_metrics] Accuracy(layer_3 - estimator_0 - 5_folds.train_4.predict)=97.66%
[ 2021-12-02 13:52:36,871][kfold_wrapper.log_eval_metrics] Accuracy(layer_3 - estimator_0 - 5_folds.train_cv.predict)=97.98%
[ 2021-12-02 13:52:37,249][kfold_wrapper.log_eval_metrics] Accuracy(layer_3 - estimator_1 - 5_folds.train_0.predict)=97.49%
[ 2021-12-02 13:52:37,631][kfold_wrapper.log_eval_metrics] Accuracy(layer_3 - estimator_1 - 5_folds.train_1.predict)=97.31%
[ 2021-12-02 13:52:38,026][kfold_wrapper.log_eval_metrics] Accuracy(layer_3 - estimator_1 - 5_folds.train_2.predict)=97.78%
[ 2021-12-02 13:52:38,409][kfold_wrapper.log_eval_metrics] Accuracy(layer_3 - estimator_1 - 5_folds.train_3.predict)=97.31%
[ 2021-12-02 13:52:38,808][kfold_wrapper.log_eval_metrics] Accuracy(layer_3 - estimator_1 - 5_folds.train_4.predict)=97.43%
[ 2021-12-02 13:52:38,809][kfold_wrapper.log_eval_metrics] Accuracy(layer_3 - estimator_1 - 5_folds.train_cv.predict)=97.46%
[ 2021-12-02 13:52:38,892][kfold_wrapper.log_eval_metrics] Accuracy(layer_3 - estimator_2 - 5_folds.train_0.predict)=96.73%
[ 2021-12-02 13:52:38,957][kfold_wrapper.log_eval_metrics] Accuracy(layer_3 - estimator_2 - 5_folds.train_1.predict)=97.43%
[ 2021-12-02 13:52:39,050][kfold_wrapper.log_eval_metrics] Accuracy(layer_3 - estimator_2 - 5_folds.train_2.predict)=97.49%
[ 2021-12-02 13:52:39,154][kfold_wrapper.log_eval_metrics] Accuracy(layer_3 - estimator_2 - 5_folds.train_3.predict)=96.73%
[ 2021-12-02 13:52:39,291][kfold_wrapper.log_eval_metrics] Accuracy(layer_3 - estimator_2 - 5_folds.train_4.predict)=96.96%
[ 2021-12-02 13:52:39,292][kfold_wrapper.log_eval_metrics] Accuracy(layer_3 - estimator_2 - 5_folds.train_cv.predict)=97.07%
[ 2021-12-02 13:52:39,293][cascade_classifier.calc_accuracy] Accuracy(layer_3 - train.classifier_average)=97.53%
[ 2021-12-02 13:52:39,296][cascade_classifier.fit_transform] [layer=4] look_indexs=[0], X_cur_train.shape=(8559, 68), X_cur_test.shape=(0, 68)
[ 2021-12-02 13:52:39,678][kfold_wrapper.log_eval_metrics] Accuracy(layer_4 - estimator_0 - 5_folds.train_0.predict)=97.84%
[ 2021-12-02 13:52:40,152][kfold_wrapper.log_eval_metrics] Accuracy(layer_4 - estimator_0 - 5_folds.train_1.predict)=97.72%
[ 2021-12-02 13:52:40,647][kfold_wrapper.log_eval_metrics] Accuracy(layer_4 - estimator_0 - 5_folds.train_2.predict)=97.78%
[ 2021-12-02 13:52:41,149][kfold_wrapper.log_eval_metrics] Accuracy(layer_4 - estimator_0 - 5_folds.train_3.predict)=98.60%
[ 2021-12-02 13:52:41,655][kfold_wrapper.log_eval_metrics] Accuracy(layer_4 - estimator_0 - 5_folds.train_4.predict)=98.48%
[ 2021-12-02 13:52:41,656][kfold_wrapper.log_eval_metrics] Accuracy(layer_4 - estimator_0 - 5_folds.train_cv.predict)=98.08%
[ 2021-12-02 13:52:42,066][kfold_wrapper.log_eval_metrics] Accuracy(layer_4 - estimator_1 - 5_folds.train_0.predict)=97.90%
[ 2021-12-02 13:52:42,432][kfold_wrapper.log_eval_metrics] Accuracy(layer_4 - estimator_1 - 5_folds.train_1.predict)=97.61%
[ 2021-12-02 13:52:42,814][kfold_wrapper.log_eval_metrics] Accuracy(layer_4 - estimator_1 - 5_folds.train_2.predict)=97.20%
[ 2021-12-02 13:52:43,198][kfold_wrapper.log_eval_metrics] Accuracy(layer_4 - estimator_1 - 5_folds.train_3.predict)=97.78%
[ 2021-12-02 13:52:43,595][kfold_wrapper.log_eval_metrics] Accuracy(layer_4 - estimator_1 - 5_folds.train_4.predict)=97.49%
[ 2021-12-02 13:52:43,596][kfold_wrapper.log_eval_metrics] Accuracy(layer_4 - estimator_1 - 5_folds.train_cv.predict)=97.59%
[ 2021-12-02 13:52:43,671][kfold_wrapper.log_eval_metrics] Accuracy(layer_4 - estimator_2 - 5_folds.train_0.predict)=97.08%
[ 2021-12-02 13:52:43,881][kfold_wrapper.log_eval_metrics] Accuracy(layer_4 - estimator_2 - 5_folds.train_1.predict)=97.49%
[ 2021-12-02 13:52:44,006][kfold_wrapper.log_eval_metrics] Accuracy(layer_4 - estimator_2 - 5_folds.train_2.predict)=97.43%
[ 2021-12-02 13:52:44,078][kfold_wrapper.log_eval_metrics] Accuracy(layer_4 - estimator_2 - 5_folds.train_3.predict)=97.72%
[ 2021-12-02 13:52:44,162][kfold_wrapper.log_eval_metrics] Accuracy(layer_4 - estimator_2 - 5_folds.train_4.predict)=97.25%
[ 2021-12-02 13:52:44,162][kfold_wrapper.log_eval_metrics] Accuracy(layer_4 - estimator_2 - 5_folds.train_cv.predict)=97.39%
[ 2021-12-02 13:52:44,163][cascade_classifier.calc_accuracy] Accuracy(layer_4 - train.classifier_average)=97.65%
[ 2021-12-02 13:52:44,165][cascade_classifier.fit_transform] [layer=5] look_indexs=[0], X_cur_train.shape=(8559, 68), X_cur_test.shape=(0, 68)
[ 2021-12-02 13:52:44,681][kfold_wrapper.log_eval_metrics] Accuracy(layer_5 - estimator_0 - 5_folds.train_0.predict)=97.66%
[ 2021-12-02 13:52:45,157][kfold_wrapper.log_eval_metrics] Accuracy(layer_5 - estimator_0 - 5_folds.train_1.predict)=98.13%
[ 2021-12-02 13:52:45,631][kfold_wrapper.log_eval_metrics] Accuracy(layer_5 - estimator_0 - 5_folds.train_2.predict)=98.36%
[ 2021-12-02 13:52:46,125][kfold_wrapper.log_eval_metrics] Accuracy(layer_5 - estimator_0 - 5_folds.train_3.predict)=97.84%
[ 2021-12-02 13:52:46,599][kfold_wrapper.log_eval_metrics] Accuracy(layer_5 - estimator_0 - 5_folds.train_4.predict)=98.01%
[ 2021-12-02 13:52:46,600][kfold_wrapper.log_eval_metrics] Accuracy(layer_5 - estimator_0 - 5_folds.train_cv.predict)=98.00%
[ 2021-12-02 13:52:46,995][kfold_wrapper.log_eval_metrics] Accuracy(layer_5 - estimator_1 - 5_folds.train_0.predict)=97.66%
[ 2021-12-02 13:52:47,378][kfold_wrapper.log_eval_metrics] Accuracy(layer_5 - estimator_1 - 5_folds.train_1.predict)=98.13%
[ 2021-12-02 13:52:47,759][kfold_wrapper.log_eval_metrics] Accuracy(layer_5 - estimator_1 - 5_folds.train_2.predict)=97.25%
[ 2021-12-02 13:52:48,156][kfold_wrapper.log_eval_metrics] Accuracy(layer_5 - estimator_1 - 5_folds.train_3.predict)=97.25%
[ 2021-12-02 13:52:48,520][kfold_wrapper.log_eval_metrics] Accuracy(layer_5 - estimator_1 - 5_folds.train_4.predict)=97.66%
[ 2021-12-02 13:52:48,521][kfold_wrapper.log_eval_metrics] Accuracy(layer_5 - estimator_1 - 5_folds.train_cv.predict)=97.59%
[ 2021-12-02 13:52:48,618][kfold_wrapper.log_eval_metrics] Accuracy(layer_5 - estimator_2 - 5_folds.train_0.predict)=98.07%
[ 2021-12-02 13:52:48,689][kfold_wrapper.log_eval_metrics] Accuracy(layer_5 - estimator_2 - 5_folds.train_1.predict)=97.08%
[ 2021-12-02 13:52:48,763][kfold_wrapper.log_eval_metrics] Accuracy(layer_5 - estimator_2 - 5_folds.train_2.predict)=97.08%
[ 2021-12-02 13:52:48,904][kfold_wrapper.log_eval_metrics] Accuracy(layer_5 - estimator_2 - 5_folds.train_3.predict)=97.72%
[ 2021-12-02 13:52:48,997][kfold_wrapper.log_eval_metrics] Accuracy(layer_5 - estimator_2 - 5_folds.train_4.predict)=96.90%
[ 2021-12-02 13:52:48,998][kfold_wrapper.log_eval_metrics] Accuracy(layer_5 - estimator_2 - 5_folds.train_cv.predict)=97.37%
[ 2021-12-02 13:52:48,998][cascade_classifier.calc_accuracy] Accuracy(layer_5 - train.classifier_average)=97.66%
[ 2021-12-02 13:52:49,002][cascade_classifier.fit_transform] [layer=6] look_indexs=[0], X_cur_train.shape=(8559, 68), X_cur_test.shape=(0, 68)
[ 2021-12-02 13:52:49,487][kfold_wrapper.log_eval_metrics] Accuracy(layer_6 - estimator_0 - 5_folds.train_0.predict)=98.48%
[ 2021-12-02 13:52:49,964][kfold_wrapper.log_eval_metrics] Accuracy(layer_6 - estimator_0 - 5_folds.train_1.predict)=98.07%
[ 2021-12-02 13:52:50,329][kfold_wrapper.log_eval_metrics] Accuracy(layer_6 - estimator_0 - 5_folds.train_2.predict)=97.90%
[ 2021-12-02 13:52:50,820][kfold_wrapper.log_eval_metrics] Accuracy(layer_6 - estimator_0 - 5_folds.train_3.predict)=97.55%
[ 2021-12-02 13:52:51,339][kfold_wrapper.log_eval_metrics] Accuracy(layer_6 - estimator_0 - 5_folds.train_4.predict)=97.78%
[ 2021-12-02 13:52:51,340][kfold_wrapper.log_eval_metrics] Accuracy(layer_6 - estimator_0 - 5_folds.train_cv.predict)=97.96%
[ 2021-12-02 13:52:51,722][kfold_wrapper.log_eval_metrics] Accuracy(layer_6 - estimator_1 - 5_folds.train_0.predict)=97.96%
[ 2021-12-02 13:52:52,089][kfold_wrapper.log_eval_metrics] Accuracy(layer_6 - estimator_1 - 5_folds.train_1.predict)=97.78%
[ 2021-12-02 13:52:52,471][kfold_wrapper.log_eval_metrics] Accuracy(layer_6 - estimator_1 - 5_folds.train_2.predict)=97.55%
[ 2021-12-02 13:52:52,838][kfold_wrapper.log_eval_metrics] Accuracy(layer_6 - estimator_1 - 5_folds.train_3.predict)=97.20%
[ 2021-12-02 13:52:53,251][kfold_wrapper.log_eval_metrics] Accuracy(layer_6 - estimator_1 - 5_folds.train_4.predict)=98.01%
[ 2021-12-02 13:52:53,252][kfold_wrapper.log_eval_metrics] Accuracy(layer_6 - estimator_1 - 5_folds.train_cv.predict)=97.70%
[ 2021-12-02 13:52:53,331][kfold_wrapper.log_eval_metrics] Accuracy(layer_6 - estimator_2 - 5_folds.train_0.predict)=97.55%
[ 2021-12-02 13:52:53,490][kfold_wrapper.log_eval_metrics] Accuracy(layer_6 - estimator_2 - 5_folds.train_1.predict)=97.20%
[ 2021-12-02 13:52:53,587][kfold_wrapper.log_eval_metrics] Accuracy(layer_6 - estimator_2 - 5_folds.train_2.predict)=97.31%
[ 2021-12-02 13:52:53,691][kfold_wrapper.log_eval_metrics] Accuracy(layer_6 - estimator_2 - 5_folds.train_3.predict)=97.20%
[ 2021-12-02 13:52:53,774][kfold_wrapper.log_eval_metrics] Accuracy(layer_6 - estimator_2 - 5_folds.train_4.predict)=98.01%
[ 2021-12-02 13:52:53,775][kfold_wrapper.log_eval_metrics] Accuracy(layer_6 - estimator_2 - 5_folds.train_cv.predict)=97.45%
[ 2021-12-02 13:52:53,776][cascade_classifier.calc_accuracy] Accuracy(layer_6 - train.classifier_average)=97.73%
[ 2021-12-02 13:52:53,779][cascade_classifier.fit_transform] [layer=7] look_indexs=[0], X_cur_train.shape=(8559, 68), X_cur_test.shape=(0, 68)
[ 2021-12-02 13:52:54,264][kfold_wrapper.log_eval_metrics] Accuracy(layer_7 - estimator_0 - 5_folds.train_0.predict)=98.07%
[ 2021-12-02 13:52:54,738][kfold_wrapper.log_eval_metrics] Accuracy(layer_7 - estimator_0 - 5_folds.train_1.predict)=97.96%
[ 2021-12-02 13:52:55,213][kfold_wrapper.log_eval_metrics] Accuracy(layer_7 - estimator_0 - 5_folds.train_2.predict)=97.96%
[ 2021-12-02 13:52:55,606][kfold_wrapper.log_eval_metrics] Accuracy(layer_7 - estimator_0 - 5_folds.train_3.predict)=98.42%
[ 2021-12-02 13:52:55,971][kfold_wrapper.log_eval_metrics] Accuracy(layer_7 - estimator_0 - 5_folds.train_4.predict)=98.31%
[ 2021-12-02 13:52:55,972][kfold_wrapper.log_eval_metrics] Accuracy(layer_7 - estimator_0 - 5_folds.train_cv.predict)=98.14%
[ 2021-12-02 13:52:56,371][kfold_wrapper.log_eval_metrics] Accuracy(layer_7 - estimator_1 - 5_folds.train_0.predict)=97.61%
[ 2021-12-02 13:52:56,753][kfold_wrapper.log_eval_metrics] Accuracy(layer_7 - estimator_1 - 5_folds.train_1.predict)=97.78%
[ 2021-12-02 13:52:57,134][kfold_wrapper.log_eval_metrics] Accuracy(layer_7 - estimator_1 - 5_folds.train_2.predict)=97.49%
[ 2021-12-02 13:52:57,531][kfold_wrapper.log_eval_metrics] Accuracy(layer_7 - estimator_1 - 5_folds.train_3.predict)=98.07%
[ 2021-12-02 13:52:57,930][kfold_wrapper.log_eval_metrics] Accuracy(layer_7 - estimator_1 - 5_folds.train_4.predict)=97.14%
[ 2021-12-02 13:52:57,931][kfold_wrapper.log_eval_metrics] Accuracy(layer_7 - estimator_1 - 5_folds.train_cv.predict)=97.62%
[ 2021-12-02 13:52:58,018][kfold_wrapper.log_eval_metrics] Accuracy(layer_7 - estimator_2 - 5_folds.train_0.predict)=97.61%
[ 2021-12-02 13:52:58,146][kfold_wrapper.log_eval_metrics] Accuracy(layer_7 - estimator_2 - 5_folds.train_1.predict)=97.37%
[ 2021-12-02 13:52:58,246][kfold_wrapper.log_eval_metrics] Accuracy(layer_7 - estimator_2 - 5_folds.train_2.predict)=97.14%
[ 2021-12-02 13:52:58,339][kfold_wrapper.log_eval_metrics] Accuracy(layer_7 - estimator_2 - 5_folds.train_3.predict)=97.49%
[ 2021-12-02 13:52:58,420][kfold_wrapper.log_eval_metrics] Accuracy(layer_7 - estimator_2 - 5_folds.train_4.predict)=97.49%
[ 2021-12-02 13:52:58,421][kfold_wrapper.log_eval_metrics] Accuracy(layer_7 - estimator_2 - 5_folds.train_cv.predict)=97.42%
[ 2021-12-02 13:52:58,421][cascade_classifier.calc_accuracy] Accuracy(layer_7 - train.classifier_average)=97.64%
[ 2021-12-02 13:52:58,424][cascade_classifier.fit_transform] [layer=8] look_indexs=[0], X_cur_train.shape=(8559, 68), X_cur_test.shape=(0, 68)
[ 2021-12-02 13:52:58,918][kfold_wrapper.log_eval_metrics] Accuracy(layer_8 - estimator_0 - 5_folds.train_0.predict)=98.01%
[ 2021-12-02 13:52:59,284][kfold_wrapper.log_eval_metrics] Accuracy(layer_8 - estimator_0 - 5_folds.train_1.predict)=97.66%
[ 2021-12-02 13:52:59,667][kfold_wrapper.log_eval_metrics] Accuracy(layer_8 - estimator_0 - 5_folds.train_2.predict)=98.13%
[ 2021-12-02 13:53:00,069][kfold_wrapper.log_eval_metrics] Accuracy(layer_8 - estimator_0 - 5_folds.train_3.predict)=98.13%
[ 2021-12-02 13:53:00,572][kfold_wrapper.log_eval_metrics] Accuracy(layer_8 - estimator_0 - 5_folds.train_4.predict)=98.66%
[ 2021-12-02 13:53:00,572][kfold_wrapper.log_eval_metrics] Accuracy(layer_8 - estimator_0 - 5_folds.train_cv.predict)=98.12%
[ 2021-12-02 13:53:00,970][kfold_wrapper.log_eval_metrics] Accuracy(layer_8 - estimator_1 - 5_folds.train_0.predict)=97.96%
[ 2021-12-02 13:53:01,354][kfold_wrapper.log_eval_metrics] Accuracy(layer_8 - estimator_1 - 5_folds.train_1.predict)=97.61%
[ 2021-12-02 13:53:01,735][kfold_wrapper.log_eval_metrics] Accuracy(layer_8 - estimator_1 - 5_folds.train_2.predict)=97.14%
[ 2021-12-02 13:53:02,117][kfold_wrapper.log_eval_metrics] Accuracy(layer_8 - estimator_1 - 5_folds.train_3.predict)=97.78%
[ 2021-12-02 13:53:02,511][kfold_wrapper.log_eval_metrics] Accuracy(layer_8 - estimator_1 - 5_folds.train_4.predict)=97.25%
[ 2021-12-02 13:53:02,512][kfold_wrapper.log_eval_metrics] Accuracy(layer_8 - estimator_1 - 5_folds.train_cv.predict)=97.55%
[ 2021-12-02 13:53:02,602][kfold_wrapper.log_eval_metrics] Accuracy(layer_8 - estimator_2 - 5_folds.train_0.predict)=97.49%
[ 2021-12-02 13:53:02,710][kfold_wrapper.log_eval_metrics] Accuracy(layer_8 - estimator_2 - 5_folds.train_1.predict)=97.43%
[ 2021-12-02 13:53:02,932][kfold_wrapper.log_eval_metrics] Accuracy(layer_8 - estimator_2 - 5_folds.train_2.predict)=97.43%
[ 2021-12-02 13:53:03,002][kfold_wrapper.log_eval_metrics] Accuracy(layer_8 - estimator_2 - 5_folds.train_3.predict)=97.55%
[ 2021-12-02 13:53:03,088][kfold_wrapper.log_eval_metrics] Accuracy(layer_8 - estimator_2 - 5_folds.train_4.predict)=96.84%
[ 2021-12-02 13:53:03,089][kfold_wrapper.log_eval_metrics] Accuracy(layer_8 - estimator_2 - 5_folds.train_cv.predict)=97.35%
[ 2021-12-02 13:53:03,090][cascade_classifier.calc_accuracy] Accuracy(layer_8 - train.classifier_average)=97.55%
[ 2021-12-02 13:53:03,093][cascade_classifier.fit_transform] [layer=9] look_indexs=[0], X_cur_train.shape=(8559, 68), X_cur_test.shape=(0, 68)
[ 2021-12-02 13:53:03,590][kfold_wrapper.log_eval_metrics] Accuracy(layer_9 - estimator_0 - 5_folds.train_0.predict)=98.36%
[ 2021-12-02 13:53:04,079][kfold_wrapper.log_eval_metrics] Accuracy(layer_9 - estimator_0 - 5_folds.train_1.predict)=97.84%
[ 2021-12-02 13:53:04,569][kfold_wrapper.log_eval_metrics] Accuracy(layer_9 - estimator_0 - 5_folds.train_2.predict)=97.72%
[ 2021-12-02 13:53:05,044][kfold_wrapper.log_eval_metrics] Accuracy(layer_9 - estimator_0 - 5_folds.train_3.predict)=97.96%
[ 2021-12-02 13:53:05,520][kfold_wrapper.log_eval_metrics] Accuracy(layer_9 - estimator_0 - 5_folds.train_4.predict)=98.01%
[ 2021-12-02 13:53:05,521][kfold_wrapper.log_eval_metrics] Accuracy(layer_9 - estimator_0 - 5_folds.train_cv.predict)=97.98%
[ 2021-12-02 13:53:05,901][kfold_wrapper.log_eval_metrics] Accuracy(layer_9 - estimator_1 - 5_folds.train_0.predict)=96.61%
[ 2021-12-02 13:53:06,264][kfold_wrapper.log_eval_metrics] Accuracy(layer_9 - estimator_1 - 5_folds.train_1.predict)=97.14%
[ 2021-12-02 13:53:06,646][kfold_wrapper.log_eval_metrics] Accuracy(layer_9 - estimator_1 - 5_folds.train_2.predict)=98.36%
[ 2021-12-02 13:53:07,045][kfold_wrapper.log_eval_metrics] Accuracy(layer_9 - estimator_1 - 5_folds.train_3.predict)=97.78%
[ 2021-12-02 13:53:07,412][kfold_wrapper.log_eval_metrics] Accuracy(layer_9 - estimator_1 - 5_folds.train_4.predict)=96.67%
[ 2021-12-02 13:53:07,413][kfold_wrapper.log_eval_metrics] Accuracy(layer_9 - estimator_1 - 5_folds.train_cv.predict)=97.31%
[ 2021-12-02 13:53:07,516][kfold_wrapper.log_eval_metrics] Accuracy(layer_9 - estimator_2 - 5_folds.train_0.predict)=96.55%
[ 2021-12-02 13:53:07,579][kfold_wrapper.log_eval_metrics] Accuracy(layer_9 - estimator_2 - 5_folds.train_1.predict)=97.66%
[ 2021-12-02 13:53:07,662][kfold_wrapper.log_eval_metrics] Accuracy(layer_9 - estimator_2 - 5_folds.train_2.predict)=97.25%
[ 2021-12-02 13:53:07,821][kfold_wrapper.log_eval_metrics] Accuracy(layer_9 - estimator_2 - 5_folds.train_3.predict)=97.31%
[ 2021-12-02 13:53:07,918][kfold_wrapper.log_eval_metrics] Accuracy(layer_9 - estimator_2 - 5_folds.train_4.predict)=97.37%
[ 2021-12-02 13:53:07,919][kfold_wrapper.log_eval_metrics] Accuracy(layer_9 - estimator_2 - 5_folds.train_cv.predict)=97.23%
[ 2021-12-02 13:53:07,919][cascade_classifier.calc_accuracy] Accuracy(layer_9 - train.classifier_average)=97.39%
[ 2021-12-02 13:53:07,920][cascade_classifier.fit_transform] [Result][Optimal Level Detected] opt_layer_num=7, accuracy_train=97.73%, accuracy_test=0.00%
[ 2021-12-02 13:53:07,930][cascade_classifier.transform] X_groups_test.shape=[(2140, 62)]
[ 2021-12-02 13:53:07,930][cascade_classifier.transform] group_dims=[62]
[ 2021-12-02 13:53:07,931][cascade_classifier.transform] X_test.shape=(2140, 62)
[ 2021-12-02 13:53:07,931][cascade_classifier.transform] [layer=0] look_indexs=[0], X_cur_test.shape=(2140, 62)
[ 2021-12-02 13:53:09,054][cascade_classifier.transform] [layer=1] look_indexs=[0], X_cur_test.shape=(2140, 68)
[ 2021-12-02 13:53:10,164][cascade_classifier.transform] [layer=2] look_indexs=[0], X_cur_test.shape=(2140, 68)
[ 2021-12-02 13:53:11,321][cascade_classifier.transform] [layer=3] look_indexs=[0], X_cur_test.shape=(2140, 68)
[ 2021-12-02 13:53:12,431][cascade_classifier.transform] [layer=4] look_indexs=[0], X_cur_test.shape=(2140, 68)
[ 2021-12-02 13:53:13,787][cascade_classifier.transform] [layer=5] look_indexs=[0], X_cur_test.shape=(2140, 68)
[ 2021-12-02 13:53:14,932][cascade_classifier.transform] [layer=6] look_indexs=[0], X_cur_test.shape=(2140, 68)
[ 2021-12-02 13:53:16,058][cascade_classifier.transform] X_groups_test.shape=[(10078, 62)]
[ 2021-12-02 13:53:16,060][cascade_classifier.transform] group_dims=[62]
[ 2021-12-02 13:53:16,061][cascade_classifier.transform] X_test.shape=(10078, 62)
[ 2021-12-02 13:53:16,062][cascade_classifier.transform] [layer=0] look_indexs=[0], X_cur_test.shape=(10078, 62)
[ 2021-12-02 13:53:17,207][cascade_classifier.transform] [layer=1] look_indexs=[0], X_cur_test.shape=(10078, 68)
[ 2021-12-02 13:53:18,340][cascade_classifier.transform] [layer=2] look_indexs=[0], X_cur_test.shape=(10078, 68)
[ 2021-12-02 13:53:19,478][cascade_classifier.transform] [layer=3] look_indexs=[0], X_cur_test.shape=(10078, 68)
[ 2021-12-02 13:53:20,619][cascade_classifier.transform] [layer=4] look_indexs=[0], X_cur_test.shape=(10078, 68)
[ 2021-12-02 13:53:21,752][cascade_classifier.transform] [layer=5] look_indexs=[0], X_cur_test.shape=(10078, 68)
[ 2021-12-02 13:53:22,891][cascade_classifier.transform] [layer=6] look_indexs=[0], X_cur_test.shape=(10078, 68)
[ 2021-12-02 13:53:24,022][cascade_classifier.transform] X_groups_test.shape=[(2140, 62)]
[ 2021-12-02 13:53:24,022][cascade_classifier.transform] group_dims=[62]
[ 2021-12-02 13:53:24,023][cascade_classifier.transform] X_test.shape=(2140, 62)
[ 2021-12-02 13:53:24,023][cascade_classifier.transform] [layer=0] look_indexs=[0], X_cur_test.shape=(2140, 62)
[ 2021-12-02 13:53:25,149][cascade_classifier.transform] [layer=1] look_indexs=[0], X_cur_test.shape=(2140, 68)
[ 2021-12-02 13:53:26,265][cascade_classifier.transform] [layer=2] look_indexs=[0], X_cur_test.shape=(2140, 68)
[ 2021-12-02 13:53:27,373][cascade_classifier.transform] [layer=3] look_indexs=[0], X_cur_test.shape=(2140, 68)
[ 2021-12-02 13:53:28,484][cascade_classifier.transform] [layer=4] look_indexs=[0], X_cur_test.shape=(2140, 68)
[ 2021-12-02 13:53:29,600][cascade_classifier.transform] [layer=5] look_indexs=[0], X_cur_test.shape=(2140, 68)
[ 2021-12-02 13:53:30,716][cascade_classifier.transform] [layer=6] look_indexs=[0], X_cur_test.shape=(2140, 68)
