[ 2022-01-16 13:22:03,703][cascade_classifier.fit_transform] X_groups_train.shape=[(8559, 62)],y_train.shape=(8559,),X_groups_test.shape=no_test,y_test.shape=no_test
[ 2022-01-16 13:22:03,704][cascade_classifier.fit_transform] group_dims=[62]
[ 2022-01-16 13:22:03,704][cascade_classifier.fit_transform] group_starts=[0]
[ 2022-01-16 13:22:03,704][cascade_classifier.fit_transform] group_ends=[62]
[ 2022-01-16 13:22:03,705][cascade_classifier.fit_transform] X_train.shape=(8559, 62),X_test.shape=(0, 62)
[ 2022-01-16 13:22:03,706][cascade_classifier.fit_transform] [layer=0] look_indexs=[0], X_cur_train.shape=(8559, 62), X_cur_test.shape=(0, 62)
[ 2022-01-16 13:22:04,089][kfold_wrapper.log_eval_metrics] Accuracy(layer_0 - estimator_0 - 5_folds.train_0.predict)=97.31%
[ 2022-01-16 13:22:04,501][kfold_wrapper.log_eval_metrics] Accuracy(layer_0 - estimator_0 - 5_folds.train_1.predict)=97.02%
[ 2022-01-16 13:22:04,880][kfold_wrapper.log_eval_metrics] Accuracy(layer_0 - estimator_0 - 5_folds.train_2.predict)=95.85%
[ 2022-01-16 13:22:05,305][kfold_wrapper.log_eval_metrics] Accuracy(layer_0 - estimator_0 - 5_folds.train_3.predict)=97.02%
[ 2022-01-16 13:22:05,732][kfold_wrapper.log_eval_metrics] Accuracy(layer_0 - estimator_0 - 5_folds.train_4.predict)=97.37%
[ 2022-01-16 13:22:05,733][kfold_wrapper.log_eval_metrics] Accuracy(layer_0 - estimator_0 - 5_folds.train_cv.predict)=96.92%
[ 2022-01-16 13:22:06,143][kfold_wrapper.log_eval_metrics] Accuracy(layer_0 - estimator_1 - 5_folds.train_0.predict)=95.68%
[ 2022-01-16 13:22:06,539][kfold_wrapper.log_eval_metrics] Accuracy(layer_0 - estimator_1 - 5_folds.train_1.predict)=96.32%
[ 2022-01-16 13:22:07,012][kfold_wrapper.log_eval_metrics] Accuracy(layer_0 - estimator_1 - 5_folds.train_2.predict)=96.38%
[ 2022-01-16 13:22:07,422][kfold_wrapper.log_eval_metrics] Accuracy(layer_0 - estimator_1 - 5_folds.train_3.predict)=96.32%
[ 2022-01-16 13:22:07,831][kfold_wrapper.log_eval_metrics] Accuracy(layer_0 - estimator_1 - 5_folds.train_4.predict)=96.03%
[ 2022-01-16 13:22:07,833][kfold_wrapper.log_eval_metrics] Accuracy(layer_0 - estimator_1 - 5_folds.train_cv.predict)=96.14%
[ 2022-01-16 13:22:07,929][kfold_wrapper.log_eval_metrics] Accuracy(layer_0 - estimator_2 - 5_folds.train_0.predict)=90.25%
[ 2022-01-16 13:22:08,007][kfold_wrapper.log_eval_metrics] Accuracy(layer_0 - estimator_2 - 5_folds.train_1.predict)=90.30%
[ 2022-01-16 13:22:08,078][kfold_wrapper.log_eval_metrics] Accuracy(layer_0 - estimator_2 - 5_folds.train_2.predict)=90.83%
[ 2022-01-16 13:22:08,138][kfold_wrapper.log_eval_metrics] Accuracy(layer_0 - estimator_2 - 5_folds.train_3.predict)=89.19%
[ 2022-01-16 13:22:08,199][kfold_wrapper.log_eval_metrics] Accuracy(layer_0 - estimator_2 - 5_folds.train_4.predict)=89.83%
[ 2022-01-16 13:22:08,200][kfold_wrapper.log_eval_metrics] Accuracy(layer_0 - estimator_2 - 5_folds.train_cv.predict)=90.08%
[ 2022-01-16 13:22:08,200][cascade_classifier.calc_accuracy] Accuracy(layer_0 - train.classifier_average)=95.61%
[ 2022-01-16 13:22:08,202][cascade_classifier.fit_transform] [layer=1] look_indexs=[0], X_cur_train.shape=(8559, 68), X_cur_test.shape=(0, 68)
[ 2022-01-16 13:22:08,559][kfold_wrapper.log_eval_metrics] Accuracy(layer_1 - estimator_0 - 5_folds.train_0.predict)=97.84%
[ 2022-01-16 13:22:08,955][kfold_wrapper.log_eval_metrics] Accuracy(layer_1 - estimator_0 - 5_folds.train_1.predict)=97.37%
[ 2022-01-16 13:22:09,333][kfold_wrapper.log_eval_metrics] Accuracy(layer_1 - estimator_0 - 5_folds.train_2.predict)=97.37%
[ 2022-01-16 13:22:09,696][kfold_wrapper.log_eval_metrics] Accuracy(layer_1 - estimator_0 - 5_folds.train_3.predict)=97.78%
[ 2022-01-16 13:22:10,059][kfold_wrapper.log_eval_metrics] Accuracy(layer_1 - estimator_0 - 5_folds.train_4.predict)=97.49%
[ 2022-01-16 13:22:10,060][kfold_wrapper.log_eval_metrics] Accuracy(layer_1 - estimator_0 - 5_folds.train_cv.predict)=97.57%
[ 2022-01-16 13:22:10,440][kfold_wrapper.log_eval_metrics] Accuracy(layer_1 - estimator_1 - 5_folds.train_0.predict)=97.37%
[ 2022-01-16 13:22:10,881][kfold_wrapper.log_eval_metrics] Accuracy(layer_1 - estimator_1 - 5_folds.train_1.predict)=97.02%
[ 2022-01-16 13:22:11,292][kfold_wrapper.log_eval_metrics] Accuracy(layer_1 - estimator_1 - 5_folds.train_2.predict)=96.85%
[ 2022-01-16 13:22:11,656][kfold_wrapper.log_eval_metrics] Accuracy(layer_1 - estimator_1 - 5_folds.train_3.predict)=97.20%
[ 2022-01-16 13:22:12,048][kfold_wrapper.log_eval_metrics] Accuracy(layer_1 - estimator_1 - 5_folds.train_4.predict)=97.02%
[ 2022-01-16 13:22:12,049][kfold_wrapper.log_eval_metrics] Accuracy(layer_1 - estimator_1 - 5_folds.train_cv.predict)=97.09%
[ 2022-01-16 13:22:12,115][kfold_wrapper.log_eval_metrics] Accuracy(layer_1 - estimator_2 - 5_folds.train_0.predict)=97.43%
[ 2022-01-16 13:22:12,170][kfold_wrapper.log_eval_metrics] Accuracy(layer_1 - estimator_2 - 5_folds.train_1.predict)=96.79%
[ 2022-01-16 13:22:12,245][kfold_wrapper.log_eval_metrics] Accuracy(layer_1 - estimator_2 - 5_folds.train_2.predict)=96.79%
[ 2022-01-16 13:22:12,320][kfold_wrapper.log_eval_metrics] Accuracy(layer_1 - estimator_2 - 5_folds.train_3.predict)=96.79%
[ 2022-01-16 13:22:12,395][kfold_wrapper.log_eval_metrics] Accuracy(layer_1 - estimator_2 - 5_folds.train_4.predict)=96.08%
[ 2022-01-16 13:22:12,396][kfold_wrapper.log_eval_metrics] Accuracy(layer_1 - estimator_2 - 5_folds.train_cv.predict)=96.78%
[ 2022-01-16 13:22:12,397][cascade_classifier.calc_accuracy] Accuracy(layer_1 - train.classifier_average)=97.17%
[ 2022-01-16 13:22:12,399][cascade_classifier.fit_transform] [layer=2] look_indexs=[0], X_cur_train.shape=(8559, 68), X_cur_test.shape=(0, 68)
[ 2022-01-16 13:22:12,764][kfold_wrapper.log_eval_metrics] Accuracy(layer_2 - estimator_0 - 5_folds.train_0.predict)=98.13%
[ 2022-01-16 13:22:13,155][kfold_wrapper.log_eval_metrics] Accuracy(layer_2 - estimator_0 - 5_folds.train_1.predict)=98.01%
[ 2022-01-16 13:22:13,534][kfold_wrapper.log_eval_metrics] Accuracy(layer_2 - estimator_0 - 5_folds.train_2.predict)=97.49%
[ 2022-01-16 13:22:13,930][kfold_wrapper.log_eval_metrics] Accuracy(layer_2 - estimator_0 - 5_folds.train_3.predict)=97.90%
[ 2022-01-16 13:22:14,294][kfold_wrapper.log_eval_metrics] Accuracy(layer_2 - estimator_0 - 5_folds.train_4.predict)=98.31%
[ 2022-01-16 13:22:14,295][kfold_wrapper.log_eval_metrics] Accuracy(layer_2 - estimator_0 - 5_folds.train_cv.predict)=97.97%
[ 2022-01-16 13:22:14,703][kfold_wrapper.log_eval_metrics] Accuracy(layer_2 - estimator_1 - 5_folds.train_0.predict)=97.43%
[ 2022-01-16 13:22:15,132][kfold_wrapper.log_eval_metrics] Accuracy(layer_2 - estimator_1 - 5_folds.train_1.predict)=96.96%
[ 2022-01-16 13:22:15,560][kfold_wrapper.log_eval_metrics] Accuracy(layer_2 - estimator_1 - 5_folds.train_2.predict)=97.31%
[ 2022-01-16 13:22:15,968][kfold_wrapper.log_eval_metrics] Accuracy(layer_2 - estimator_1 - 5_folds.train_3.predict)=97.31%
[ 2022-01-16 13:22:16,380][kfold_wrapper.log_eval_metrics] Accuracy(layer_2 - estimator_1 - 5_folds.train_4.predict)=97.31%
[ 2022-01-16 13:22:16,381][kfold_wrapper.log_eval_metrics] Accuracy(layer_2 - estimator_1 - 5_folds.train_cv.predict)=97.27%
[ 2022-01-16 13:22:16,461][kfold_wrapper.log_eval_metrics] Accuracy(layer_2 - estimator_2 - 5_folds.train_0.predict)=96.61%
[ 2022-01-16 13:22:16,520][kfold_wrapper.log_eval_metrics] Accuracy(layer_2 - estimator_2 - 5_folds.train_1.predict)=97.08%
[ 2022-01-16 13:22:16,591][kfold_wrapper.log_eval_metrics] Accuracy(layer_2 - estimator_2 - 5_folds.train_2.predict)=95.85%
[ 2022-01-16 13:22:16,654][kfold_wrapper.log_eval_metrics] Accuracy(layer_2 - estimator_2 - 5_folds.train_3.predict)=97.20%
[ 2022-01-16 13:22:16,709][kfold_wrapper.log_eval_metrics] Accuracy(layer_2 - estimator_2 - 5_folds.train_4.predict)=97.08%
[ 2022-01-16 13:22:16,710][kfold_wrapper.log_eval_metrics] Accuracy(layer_2 - estimator_2 - 5_folds.train_cv.predict)=96.76%
[ 2022-01-16 13:22:16,710][cascade_classifier.calc_accuracy] Accuracy(layer_2 - train.classifier_average)=97.39%
[ 2022-01-16 13:22:16,713][cascade_classifier.fit_transform] [layer=3] look_indexs=[0], X_cur_train.shape=(8559, 68), X_cur_test.shape=(0, 68)
[ 2022-01-16 13:22:17,091][kfold_wrapper.log_eval_metrics] Accuracy(layer_3 - estimator_0 - 5_folds.train_0.predict)=98.01%
[ 2022-01-16 13:22:17,485][kfold_wrapper.log_eval_metrics] Accuracy(layer_3 - estimator_0 - 5_folds.train_1.predict)=98.07%
[ 2022-01-16 13:22:17,848][kfold_wrapper.log_eval_metrics] Accuracy(layer_3 - estimator_0 - 5_folds.train_2.predict)=98.48%
[ 2022-01-16 13:22:18,211][kfold_wrapper.log_eval_metrics] Accuracy(layer_3 - estimator_0 - 5_folds.train_3.predict)=98.31%
[ 2022-01-16 13:22:18,623][kfold_wrapper.log_eval_metrics] Accuracy(layer_3 - estimator_0 - 5_folds.train_4.predict)=98.01%
[ 2022-01-16 13:22:18,625][kfold_wrapper.log_eval_metrics] Accuracy(layer_3 - estimator_0 - 5_folds.train_cv.predict)=98.18%
[ 2022-01-16 13:22:19,066][kfold_wrapper.log_eval_metrics] Accuracy(layer_3 - estimator_1 - 5_folds.train_0.predict)=97.66%
[ 2022-01-16 13:22:19,464][kfold_wrapper.log_eval_metrics] Accuracy(layer_3 - estimator_1 - 5_folds.train_1.predict)=97.72%
[ 2022-01-16 13:22:19,891][kfold_wrapper.log_eval_metrics] Accuracy(layer_3 - estimator_1 - 5_folds.train_2.predict)=97.43%
[ 2022-01-16 13:22:20,254][kfold_wrapper.log_eval_metrics] Accuracy(layer_3 - estimator_1 - 5_folds.train_3.predict)=97.78%
[ 2022-01-16 13:22:20,617][kfold_wrapper.log_eval_metrics] Accuracy(layer_3 - estimator_1 - 5_folds.train_4.predict)=97.25%
[ 2022-01-16 13:22:20,618][kfold_wrapper.log_eval_metrics] Accuracy(layer_3 - estimator_1 - 5_folds.train_cv.predict)=97.57%
[ 2022-01-16 13:22:20,674][kfold_wrapper.log_eval_metrics] Accuracy(layer_3 - estimator_2 - 5_folds.train_0.predict)=96.14%
[ 2022-01-16 13:22:20,734][kfold_wrapper.log_eval_metrics] Accuracy(layer_3 - estimator_2 - 5_folds.train_1.predict)=97.37%
[ 2022-01-16 13:22:20,788][kfold_wrapper.log_eval_metrics] Accuracy(layer_3 - estimator_2 - 5_folds.train_2.predict)=97.08%
[ 2022-01-16 13:22:20,847][kfold_wrapper.log_eval_metrics] Accuracy(layer_3 - estimator_2 - 5_folds.train_3.predict)=96.61%
[ 2022-01-16 13:22:20,904][kfold_wrapper.log_eval_metrics] Accuracy(layer_3 - estimator_2 - 5_folds.train_4.predict)=96.79%
[ 2022-01-16 13:22:20,905][kfold_wrapper.log_eval_metrics] Accuracy(layer_3 - estimator_2 - 5_folds.train_cv.predict)=96.80%
[ 2022-01-16 13:22:20,905][cascade_classifier.calc_accuracy] Accuracy(layer_3 - train.classifier_average)=97.49%
[ 2022-01-16 13:22:20,907][cascade_classifier.fit_transform] [layer=4] look_indexs=[0], X_cur_train.shape=(8559, 68), X_cur_test.shape=(0, 68)
[ 2022-01-16 13:22:21,285][kfold_wrapper.log_eval_metrics] Accuracy(layer_4 - estimator_0 - 5_folds.train_0.predict)=98.19%
[ 2022-01-16 13:22:21,663][kfold_wrapper.log_eval_metrics] Accuracy(layer_4 - estimator_0 - 5_folds.train_1.predict)=99.01%
[ 2022-01-16 13:22:22,106][kfold_wrapper.log_eval_metrics] Accuracy(layer_4 - estimator_0 - 5_folds.train_2.predict)=98.01%
[ 2022-01-16 13:22:22,471][kfold_wrapper.log_eval_metrics] Accuracy(layer_4 - estimator_0 - 5_folds.train_3.predict)=97.90%
[ 2022-01-16 13:22:22,836][kfold_wrapper.log_eval_metrics] Accuracy(layer_4 - estimator_0 - 5_folds.train_4.predict)=97.95%
[ 2022-01-16 13:22:22,837][kfold_wrapper.log_eval_metrics] Accuracy(layer_4 - estimator_0 - 5_folds.train_cv.predict)=98.21%
[ 2022-01-16 13:22:23,260][kfold_wrapper.log_eval_metrics] Accuracy(layer_4 - estimator_1 - 5_folds.train_0.predict)=98.19%
[ 2022-01-16 13:22:23,669][kfold_wrapper.log_eval_metrics] Accuracy(layer_4 - estimator_1 - 5_folds.train_1.predict)=98.25%
[ 2022-01-16 13:22:24,110][kfold_wrapper.log_eval_metrics] Accuracy(layer_4 - estimator_1 - 5_folds.train_2.predict)=97.02%
[ 2022-01-16 13:22:24,553][kfold_wrapper.log_eval_metrics] Accuracy(layer_4 - estimator_1 - 5_folds.train_3.predict)=98.01%
[ 2022-01-16 13:22:24,960][kfold_wrapper.log_eval_metrics] Accuracy(layer_4 - estimator_1 - 5_folds.train_4.predict)=97.37%
[ 2022-01-16 13:22:24,961][kfold_wrapper.log_eval_metrics] Accuracy(layer_4 - estimator_1 - 5_folds.train_cv.predict)=97.77%
[ 2022-01-16 13:22:25,032][kfold_wrapper.log_eval_metrics] Accuracy(layer_4 - estimator_2 - 5_folds.train_0.predict)=97.31%
[ 2022-01-16 13:22:25,092][kfold_wrapper.log_eval_metrics] Accuracy(layer_4 - estimator_2 - 5_folds.train_1.predict)=97.08%
[ 2022-01-16 13:22:25,140][kfold_wrapper.log_eval_metrics] Accuracy(layer_4 - estimator_2 - 5_folds.train_2.predict)=96.90%
[ 2022-01-16 13:22:25,196][kfold_wrapper.log_eval_metrics] Accuracy(layer_4 - estimator_2 - 5_folds.train_3.predict)=97.49%
[ 2022-01-16 13:22:25,251][kfold_wrapper.log_eval_metrics] Accuracy(layer_4 - estimator_2 - 5_folds.train_4.predict)=97.49%
[ 2022-01-16 13:22:25,252][kfold_wrapper.log_eval_metrics] Accuracy(layer_4 - estimator_2 - 5_folds.train_cv.predict)=97.25%
[ 2022-01-16 13:22:25,253][cascade_classifier.calc_accuracy] Accuracy(layer_4 - train.classifier_average)=97.71%
[ 2022-01-16 13:22:25,255][cascade_classifier.fit_transform] [layer=5] look_indexs=[0], X_cur_train.shape=(8559, 68), X_cur_test.shape=(0, 68)
[ 2022-01-16 13:22:25,610][kfold_wrapper.log_eval_metrics] Accuracy(layer_5 - estimator_0 - 5_folds.train_0.predict)=98.01%
[ 2022-01-16 13:22:26,021][kfold_wrapper.log_eval_metrics] Accuracy(layer_5 - estimator_0 - 5_folds.train_1.predict)=98.13%
[ 2022-01-16 13:22:26,400][kfold_wrapper.log_eval_metrics] Accuracy(layer_5 - estimator_0 - 5_folds.train_2.predict)=98.07%
[ 2022-01-16 13:22:26,827][kfold_wrapper.log_eval_metrics] Accuracy(layer_5 - estimator_0 - 5_folds.train_3.predict)=98.25%
[ 2022-01-16 13:22:27,238][kfold_wrapper.log_eval_metrics] Accuracy(layer_5 - estimator_0 - 5_folds.train_4.predict)=98.19%
[ 2022-01-16 13:22:27,238][kfold_wrapper.log_eval_metrics] Accuracy(layer_5 - estimator_0 - 5_folds.train_cv.predict)=98.13%
[ 2022-01-16 13:22:27,663][kfold_wrapper.log_eval_metrics] Accuracy(layer_5 - estimator_1 - 5_folds.train_0.predict)=98.13%
[ 2022-01-16 13:22:28,085][kfold_wrapper.log_eval_metrics] Accuracy(layer_5 - estimator_1 - 5_folds.train_1.predict)=98.01%
[ 2022-01-16 13:22:28,482][kfold_wrapper.log_eval_metrics] Accuracy(layer_5 - estimator_1 - 5_folds.train_2.predict)=97.90%
[ 2022-01-16 13:22:28,876][kfold_wrapper.log_eval_metrics] Accuracy(layer_5 - estimator_1 - 5_folds.train_3.predict)=97.02%
[ 2022-01-16 13:22:29,256][kfold_wrapper.log_eval_metrics] Accuracy(layer_5 - estimator_1 - 5_folds.train_4.predict)=97.72%
[ 2022-01-16 13:22:29,257][kfold_wrapper.log_eval_metrics] Accuracy(layer_5 - estimator_1 - 5_folds.train_cv.predict)=97.76%
[ 2022-01-16 13:22:29,326][kfold_wrapper.log_eval_metrics] Accuracy(layer_5 - estimator_2 - 5_folds.train_0.predict)=97.20%
[ 2022-01-16 13:22:29,388][kfold_wrapper.log_eval_metrics] Accuracy(layer_5 - estimator_2 - 5_folds.train_1.predict)=97.14%
[ 2022-01-16 13:22:29,454][kfold_wrapper.log_eval_metrics] Accuracy(layer_5 - estimator_2 - 5_folds.train_2.predict)=96.96%
[ 2022-01-16 13:22:29,512][kfold_wrapper.log_eval_metrics] Accuracy(layer_5 - estimator_2 - 5_folds.train_3.predict)=97.49%
[ 2022-01-16 13:22:29,575][kfold_wrapper.log_eval_metrics] Accuracy(layer_5 - estimator_2 - 5_folds.train_4.predict)=97.90%
[ 2022-01-16 13:22:29,576][kfold_wrapper.log_eval_metrics] Accuracy(layer_5 - estimator_2 - 5_folds.train_cv.predict)=97.34%
[ 2022-01-16 13:22:29,577][cascade_classifier.calc_accuracy] Accuracy(layer_5 - train.classifier_average)=97.73%
[ 2022-01-16 13:22:29,579][cascade_classifier.fit_transform] [layer=6] look_indexs=[0], X_cur_train.shape=(8559, 68), X_cur_test.shape=(0, 68)
[ 2022-01-16 13:22:29,939][kfold_wrapper.log_eval_metrics] Accuracy(layer_6 - estimator_0 - 5_folds.train_0.predict)=98.36%
[ 2022-01-16 13:22:30,319][kfold_wrapper.log_eval_metrics] Accuracy(layer_6 - estimator_0 - 5_folds.train_1.predict)=98.25%
[ 2022-01-16 13:22:30,745][kfold_wrapper.log_eval_metrics] Accuracy(layer_6 - estimator_0 - 5_folds.train_2.predict)=97.61%
[ 2022-01-16 13:22:31,169][kfold_wrapper.log_eval_metrics] Accuracy(layer_6 - estimator_0 - 5_folds.train_3.predict)=98.19%
[ 2022-01-16 13:22:31,596][kfold_wrapper.log_eval_metrics] Accuracy(layer_6 - estimator_0 - 5_folds.train_4.predict)=98.66%
[ 2022-01-16 13:22:31,599][kfold_wrapper.log_eval_metrics] Accuracy(layer_6 - estimator_0 - 5_folds.train_cv.predict)=98.21%
[ 2022-01-16 13:22:32,007][kfold_wrapper.log_eval_metrics] Accuracy(layer_6 - estimator_1 - 5_folds.train_0.predict)=97.55%
[ 2022-01-16 13:22:32,400][kfold_wrapper.log_eval_metrics] Accuracy(layer_6 - estimator_1 - 5_folds.train_1.predict)=97.84%
[ 2022-01-16 13:22:32,822][kfold_wrapper.log_eval_metrics] Accuracy(layer_6 - estimator_1 - 5_folds.train_2.predict)=97.43%
[ 2022-01-16 13:22:33,249][kfold_wrapper.log_eval_metrics] Accuracy(layer_6 - estimator_1 - 5_folds.train_3.predict)=97.66%
[ 2022-01-16 13:22:33,641][kfold_wrapper.log_eval_metrics] Accuracy(layer_6 - estimator_1 - 5_folds.train_4.predict)=98.31%
[ 2022-01-16 13:22:33,642][kfold_wrapper.log_eval_metrics] Accuracy(layer_6 - estimator_1 - 5_folds.train_cv.predict)=97.76%
[ 2022-01-16 13:22:33,710][kfold_wrapper.log_eval_metrics] Accuracy(layer_6 - estimator_2 - 5_folds.train_0.predict)=97.49%
[ 2022-01-16 13:22:33,773][kfold_wrapper.log_eval_metrics] Accuracy(layer_6 - estimator_2 - 5_folds.train_1.predict)=97.90%
[ 2022-01-16 13:22:33,837][kfold_wrapper.log_eval_metrics] Accuracy(layer_6 - estimator_2 - 5_folds.train_2.predict)=96.96%
[ 2022-01-16 13:22:33,895][kfold_wrapper.log_eval_metrics] Accuracy(layer_6 - estimator_2 - 5_folds.train_3.predict)=97.20%
[ 2022-01-16 13:22:33,946][kfold_wrapper.log_eval_metrics] Accuracy(layer_6 - estimator_2 - 5_folds.train_4.predict)=97.60%
[ 2022-01-16 13:22:33,946][kfold_wrapper.log_eval_metrics] Accuracy(layer_6 - estimator_2 - 5_folds.train_cv.predict)=97.43%
[ 2022-01-16 13:22:33,947][cascade_classifier.calc_accuracy] Accuracy(layer_6 - train.classifier_average)=97.89%
[ 2022-01-16 13:22:33,949][cascade_classifier.fit_transform] [layer=7] look_indexs=[0], X_cur_train.shape=(8559, 68), X_cur_test.shape=(0, 68)
[ 2022-01-16 13:22:34,322][kfold_wrapper.log_eval_metrics] Accuracy(layer_7 - estimator_0 - 5_folds.train_0.predict)=97.72%
[ 2022-01-16 13:22:34,736][kfold_wrapper.log_eval_metrics] Accuracy(layer_7 - estimator_0 - 5_folds.train_1.predict)=98.42%
[ 2022-01-16 13:22:35,134][kfold_wrapper.log_eval_metrics] Accuracy(layer_7 - estimator_0 - 5_folds.train_2.predict)=98.19%
[ 2022-01-16 13:22:35,545][kfold_wrapper.log_eval_metrics] Accuracy(layer_7 - estimator_0 - 5_folds.train_3.predict)=98.36%
[ 2022-01-16 13:22:35,954][kfold_wrapper.log_eval_metrics] Accuracy(layer_7 - estimator_0 - 5_folds.train_4.predict)=98.42%
[ 2022-01-16 13:22:35,956][kfold_wrapper.log_eval_metrics] Accuracy(layer_7 - estimator_0 - 5_folds.train_cv.predict)=98.22%
[ 2022-01-16 13:22:36,396][kfold_wrapper.log_eval_metrics] Accuracy(layer_7 - estimator_1 - 5_folds.train_0.predict)=97.90%
[ 2022-01-16 13:22:36,836][kfold_wrapper.log_eval_metrics] Accuracy(layer_7 - estimator_1 - 5_folds.train_1.predict)=98.01%
[ 2022-01-16 13:22:37,263][kfold_wrapper.log_eval_metrics] Accuracy(layer_7 - estimator_1 - 5_folds.train_2.predict)=97.84%
[ 2022-01-16 13:22:37,704][kfold_wrapper.log_eval_metrics] Accuracy(layer_7 - estimator_1 - 5_folds.train_3.predict)=98.13%
[ 2022-01-16 13:22:38,145][kfold_wrapper.log_eval_metrics] Accuracy(layer_7 - estimator_1 - 5_folds.train_4.predict)=97.90%
[ 2022-01-16 13:22:38,145][kfold_wrapper.log_eval_metrics] Accuracy(layer_7 - estimator_1 - 5_folds.train_cv.predict)=97.96%
[ 2022-01-16 13:22:38,225][kfold_wrapper.log_eval_metrics] Accuracy(layer_7 - estimator_2 - 5_folds.train_0.predict)=98.07%
[ 2022-01-16 13:22:38,279][kfold_wrapper.log_eval_metrics] Accuracy(layer_7 - estimator_2 - 5_folds.train_1.predict)=97.14%
[ 2022-01-16 13:22:38,337][kfold_wrapper.log_eval_metrics] Accuracy(layer_7 - estimator_2 - 5_folds.train_2.predict)=97.66%
[ 2022-01-16 13:22:38,388][kfold_wrapper.log_eval_metrics] Accuracy(layer_7 - estimator_2 - 5_folds.train_3.predict)=97.25%
[ 2022-01-16 13:22:38,457][kfold_wrapper.log_eval_metrics] Accuracy(layer_7 - estimator_2 - 5_folds.train_4.predict)=97.19%
[ 2022-01-16 13:22:38,458][kfold_wrapper.log_eval_metrics] Accuracy(layer_7 - estimator_2 - 5_folds.train_cv.predict)=97.46%
[ 2022-01-16 13:22:38,458][cascade_classifier.calc_accuracy] Accuracy(layer_7 - train.classifier_average)=97.87%
[ 2022-01-16 13:22:38,461][cascade_classifier.fit_transform] [layer=8] look_indexs=[0], X_cur_train.shape=(8559, 68), X_cur_test.shape=(0, 68)
[ 2022-01-16 13:22:38,823][kfold_wrapper.log_eval_metrics] Accuracy(layer_8 - estimator_0 - 5_folds.train_0.predict)=97.90%
[ 2022-01-16 13:22:39,247][kfold_wrapper.log_eval_metrics] Accuracy(layer_8 - estimator_0 - 5_folds.train_1.predict)=98.31%
[ 2022-01-16 13:22:39,610][kfold_wrapper.log_eval_metrics] Accuracy(layer_8 - estimator_0 - 5_folds.train_2.predict)=98.42%
[ 2022-01-16 13:22:40,004][kfold_wrapper.log_eval_metrics] Accuracy(layer_8 - estimator_0 - 5_folds.train_3.predict)=98.07%
[ 2022-01-16 13:22:40,414][kfold_wrapper.log_eval_metrics] Accuracy(layer_8 - estimator_0 - 5_folds.train_4.predict)=98.25%
[ 2022-01-16 13:22:40,416][kfold_wrapper.log_eval_metrics] Accuracy(layer_8 - estimator_0 - 5_folds.train_cv.predict)=98.19%
[ 2022-01-16 13:22:40,841][kfold_wrapper.log_eval_metrics] Accuracy(layer_8 - estimator_1 - 5_folds.train_0.predict)=98.19%
[ 2022-01-16 13:22:41,253][kfold_wrapper.log_eval_metrics] Accuracy(layer_8 - estimator_1 - 5_folds.train_1.predict)=97.72%
[ 2022-01-16 13:22:41,683][kfold_wrapper.log_eval_metrics] Accuracy(layer_8 - estimator_1 - 5_folds.train_2.predict)=97.72%
[ 2022-01-16 13:22:42,095][kfold_wrapper.log_eval_metrics] Accuracy(layer_8 - estimator_1 - 5_folds.train_3.predict)=97.96%
[ 2022-01-16 13:22:42,490][kfold_wrapper.log_eval_metrics] Accuracy(layer_8 - estimator_1 - 5_folds.train_4.predict)=97.90%
[ 2022-01-16 13:22:42,492][kfold_wrapper.log_eval_metrics] Accuracy(layer_8 - estimator_1 - 5_folds.train_cv.predict)=97.90%
[ 2022-01-16 13:22:42,583][kfold_wrapper.log_eval_metrics] Accuracy(layer_8 - estimator_2 - 5_folds.train_0.predict)=98.01%
[ 2022-01-16 13:22:42,637][kfold_wrapper.log_eval_metrics] Accuracy(layer_8 - estimator_2 - 5_folds.train_1.predict)=97.61%
[ 2022-01-16 13:22:42,697][kfold_wrapper.log_eval_metrics] Accuracy(layer_8 - estimator_2 - 5_folds.train_2.predict)=97.66%
[ 2022-01-16 13:22:42,757][kfold_wrapper.log_eval_metrics] Accuracy(layer_8 - estimator_2 - 5_folds.train_3.predict)=97.66%
[ 2022-01-16 13:22:42,810][kfold_wrapper.log_eval_metrics] Accuracy(layer_8 - estimator_2 - 5_folds.train_4.predict)=97.31%
[ 2022-01-16 13:22:42,811][kfold_wrapper.log_eval_metrics] Accuracy(layer_8 - estimator_2 - 5_folds.train_cv.predict)=97.65%
[ 2022-01-16 13:22:42,812][cascade_classifier.calc_accuracy] Accuracy(layer_8 - train.classifier_average)=97.97%
[ 2022-01-16 13:22:42,814][cascade_classifier.fit_transform] [layer=9] look_indexs=[0], X_cur_train.shape=(8559, 68), X_cur_test.shape=(0, 68)
[ 2022-01-16 13:22:43,169][kfold_wrapper.log_eval_metrics] Accuracy(layer_9 - estimator_0 - 5_folds.train_0.predict)=98.48%
[ 2022-01-16 13:22:43,549][kfold_wrapper.log_eval_metrics] Accuracy(layer_9 - estimator_0 - 5_folds.train_1.predict)=98.01%
[ 2022-01-16 13:22:43,932][kfold_wrapper.log_eval_metrics] Accuracy(layer_9 - estimator_0 - 5_folds.train_2.predict)=98.42%
[ 2022-01-16 13:22:44,339][kfold_wrapper.log_eval_metrics] Accuracy(layer_9 - estimator_0 - 5_folds.train_3.predict)=97.84%
[ 2022-01-16 13:22:44,750][kfold_wrapper.log_eval_metrics] Accuracy(layer_9 - estimator_0 - 5_folds.train_4.predict)=98.25%
[ 2022-01-16 13:22:44,752][kfold_wrapper.log_eval_metrics] Accuracy(layer_9 - estimator_0 - 5_folds.train_cv.predict)=98.20%
[ 2022-01-16 13:22:45,177][kfold_wrapper.log_eval_metrics] Accuracy(layer_9 - estimator_1 - 5_folds.train_0.predict)=98.25%
[ 2022-01-16 13:22:45,600][kfold_wrapper.log_eval_metrics] Accuracy(layer_9 - estimator_1 - 5_folds.train_1.predict)=98.07%
[ 2022-01-16 13:22:46,026][kfold_wrapper.log_eval_metrics] Accuracy(layer_9 - estimator_1 - 5_folds.train_2.predict)=97.49%
[ 2022-01-16 13:22:46,451][kfold_wrapper.log_eval_metrics] Accuracy(layer_9 - estimator_1 - 5_folds.train_3.predict)=97.61%
[ 2022-01-16 13:22:46,893][kfold_wrapper.log_eval_metrics] Accuracy(layer_9 - estimator_1 - 5_folds.train_4.predict)=98.07%
[ 2022-01-16 13:22:46,896][kfold_wrapper.log_eval_metrics] Accuracy(layer_9 - estimator_1 - 5_folds.train_cv.predict)=97.90%
[ 2022-01-16 13:22:47,003][kfold_wrapper.log_eval_metrics] Accuracy(layer_9 - estimator_2 - 5_folds.train_0.predict)=96.55%
[ 2022-01-16 13:22:47,049][kfold_wrapper.log_eval_metrics] Accuracy(layer_9 - estimator_2 - 5_folds.train_1.predict)=97.55%
[ 2022-01-16 13:22:47,100][kfold_wrapper.log_eval_metrics] Accuracy(layer_9 - estimator_2 - 5_folds.train_2.predict)=96.32%
[ 2022-01-16 13:22:47,158][kfold_wrapper.log_eval_metrics] Accuracy(layer_9 - estimator_2 - 5_folds.train_3.predict)=97.72%
[ 2022-01-16 13:22:47,225][kfold_wrapper.log_eval_metrics] Accuracy(layer_9 - estimator_2 - 5_folds.train_4.predict)=98.01%
[ 2022-01-16 13:22:47,226][kfold_wrapper.log_eval_metrics] Accuracy(layer_9 - estimator_2 - 5_folds.train_cv.predict)=97.23%
[ 2022-01-16 13:22:47,226][cascade_classifier.calc_accuracy] Accuracy(layer_9 - train.classifier_average)=97.92%
[ 2022-01-16 13:22:47,227][cascade_classifier.fit_transform] [Result][Reach Max Layer] opt_layer_num=9, accuracy_train=97.97%, accuracy_test=0.00%
[ 2022-01-16 13:22:47,227][cascade_classifier.transform] X_groups_test.shape=[(2140, 62)]
[ 2022-01-16 13:22:47,228][cascade_classifier.transform] group_dims=[62]
[ 2022-01-16 13:22:47,228][cascade_classifier.transform] X_test.shape=(2140, 62)
[ 2022-01-16 13:22:47,229][cascade_classifier.transform] [layer=0] look_indexs=[0], X_cur_test.shape=(2140, 62)
[ 2022-01-16 13:22:48,484][cascade_classifier.transform] [layer=1] look_indexs=[0], X_cur_test.shape=(2140, 68)
[ 2022-01-16 13:22:49,627][cascade_classifier.transform] [layer=2] look_indexs=[0], X_cur_test.shape=(2140, 68)
[ 2022-01-16 13:22:50,784][cascade_classifier.transform] [layer=3] look_indexs=[0], X_cur_test.shape=(2140, 68)
[ 2022-01-16 13:22:51,929][cascade_classifier.transform] [layer=4] look_indexs=[0], X_cur_test.shape=(2140, 68)
[ 2022-01-16 13:22:53,067][cascade_classifier.transform] [layer=5] look_indexs=[0], X_cur_test.shape=(2140, 68)
[ 2022-01-16 13:22:54,256][cascade_classifier.transform] [layer=6] look_indexs=[0], X_cur_test.shape=(2140, 68)
[ 2022-01-16 13:22:55,394][cascade_classifier.transform] [layer=7] look_indexs=[0], X_cur_test.shape=(2140, 68)
[ 2022-01-16 13:22:56,544][cascade_classifier.transform] [layer=8] look_indexs=[0], X_cur_test.shape=(2140, 68)
[ 2022-01-16 13:22:57,708][cascade_classifier.transform] [layer=9] look_indexs=[0], X_cur_test.shape=(2140, 68)
[ 2022-01-16 13:22:58,857][cascade_classifier.transform] X_groups_test.shape=[(7456, 62)]
[ 2022-01-16 13:22:58,861][cascade_classifier.transform] group_dims=[62]
[ 2022-01-16 13:22:58,862][cascade_classifier.transform] X_test.shape=(7456, 62)
[ 2022-01-16 13:22:58,866][cascade_classifier.transform] [layer=0] look_indexs=[0], X_cur_test.shape=(7456, 62)
[ 2022-01-16 13:23:00,055][cascade_classifier.transform] [layer=1] look_indexs=[0], X_cur_test.shape=(7456, 68)
[ 2022-01-16 13:23:01,233][cascade_classifier.transform] [layer=2] look_indexs=[0], X_cur_test.shape=(7456, 68)
[ 2022-01-16 13:23:02,400][cascade_classifier.transform] [layer=3] look_indexs=[0], X_cur_test.shape=(7456, 68)
[ 2022-01-16 13:23:03,553][cascade_classifier.transform] [layer=4] look_indexs=[0], X_cur_test.shape=(7456, 68)
[ 2022-01-16 13:23:04,697][cascade_classifier.transform] [layer=5] look_indexs=[0], X_cur_test.shape=(7456, 68)
[ 2022-01-16 13:23:05,860][cascade_classifier.transform] [layer=6] look_indexs=[0], X_cur_test.shape=(7456, 68)
[ 2022-01-16 13:23:07,023][cascade_classifier.transform] [layer=7] look_indexs=[0], X_cur_test.shape=(7456, 68)
[ 2022-01-16 13:23:08,201][cascade_classifier.transform] [layer=8] look_indexs=[0], X_cur_test.shape=(7456, 68)
[ 2022-01-16 13:23:09,380][cascade_classifier.transform] [layer=9] look_indexs=[0], X_cur_test.shape=(7456, 68)
[ 2022-01-16 13:23:10,554][cascade_classifier.transform] X_groups_test.shape=[(2140, 62)]
[ 2022-01-16 13:23:10,556][cascade_classifier.transform] group_dims=[62]
[ 2022-01-16 13:23:10,557][cascade_classifier.transform] X_test.shape=(2140, 62)
[ 2022-01-16 13:23:10,558][cascade_classifier.transform] [layer=0] look_indexs=[0], X_cur_test.shape=(2140, 62)
[ 2022-01-16 13:23:11,699][cascade_classifier.transform] [layer=1] look_indexs=[0], X_cur_test.shape=(2140, 68)
[ 2022-01-16 13:23:12,940][cascade_classifier.transform] [layer=2] look_indexs=[0], X_cur_test.shape=(2140, 68)
[ 2022-01-16 13:23:14,205][cascade_classifier.transform] [layer=3] look_indexs=[0], X_cur_test.shape=(2140, 68)
[ 2022-01-16 13:23:15,382][cascade_classifier.transform] [layer=4] look_indexs=[0], X_cur_test.shape=(2140, 68)
[ 2022-01-16 13:23:16,544][cascade_classifier.transform] [layer=5] look_indexs=[0], X_cur_test.shape=(2140, 68)
[ 2022-01-16 13:23:17,804][cascade_classifier.transform] [layer=6] look_indexs=[0], X_cur_test.shape=(2140, 68)
[ 2022-01-16 13:23:19,061][cascade_classifier.transform] [layer=7] look_indexs=[0], X_cur_test.shape=(2140, 68)
[ 2022-01-16 13:23:20,367][cascade_classifier.transform] [layer=8] look_indexs=[0], X_cur_test.shape=(2140, 68)
[ 2022-01-16 13:23:21,624][cascade_classifier.transform] [layer=9] look_indexs=[0], X_cur_test.shape=(2140, 68)
[ 2022-01-16 13:23:22,822][cascade_classifier.transform] X_groups_test.shape=[(7456, 62)]
[ 2022-01-16 13:23:22,826][cascade_classifier.transform] group_dims=[62]
[ 2022-01-16 13:23:22,827][cascade_classifier.transform] X_test.shape=(7456, 62)
[ 2022-01-16 13:23:22,830][cascade_classifier.transform] [layer=0] look_indexs=[0], X_cur_test.shape=(7456, 62)
[ 2022-01-16 13:23:24,001][cascade_classifier.transform] [layer=1] look_indexs=[0], X_cur_test.shape=(7456, 68)
[ 2022-01-16 13:23:25,226][cascade_classifier.transform] [layer=2] look_indexs=[0], X_cur_test.shape=(7456, 68)
[ 2022-01-16 13:23:26,374][cascade_classifier.transform] [layer=3] look_indexs=[0], X_cur_test.shape=(7456, 68)
[ 2022-01-16 13:23:27,508][cascade_classifier.transform] [layer=4] look_indexs=[0], X_cur_test.shape=(7456, 68)
[ 2022-01-16 13:23:28,694][cascade_classifier.transform] [layer=5] look_indexs=[0], X_cur_test.shape=(7456, 68)
[ 2022-01-16 13:23:29,870][cascade_classifier.transform] [layer=6] look_indexs=[0], X_cur_test.shape=(7456, 68)
[ 2022-01-16 13:23:31,089][cascade_classifier.transform] [layer=7] look_indexs=[0], X_cur_test.shape=(7456, 68)
[ 2022-01-16 13:23:32,266][cascade_classifier.transform] [layer=8] look_indexs=[0], X_cur_test.shape=(7456, 68)
[ 2022-01-16 13:23:33,459][cascade_classifier.transform] [layer=9] look_indexs=[0], X_cur_test.shape=(7456, 68)
